{
  "RSpec": {
    "coverage": {
      "/Users/Layth/Projects/acebook-nice-team/spec/controllers/posts_controller_spec.rb": [
        1,
        null,
        1,
        1,
        1,
        1,
        1,
        null,
        null,
        null,
        1,
        1,
        1,
        1,
        null,
        null,
        1,
        1,
        1,
        null,
        null,
        null,
        1,
        1,
        1,
        1,
        null,
        null,
        null
      ],
      "/Users/Layth/Projects/acebook-nice-team/spec/rails_helper.rb": [
        null,
        1,
        1,
        null,
        1,
        1,
        1,
        null,
        null,
        null,
        null,
        null,
        null,
        null,
        null,
        null,
        null,
        null,
        null,
        null,
        null,
        null,
        null,
        null,
        null,
        null,
        1,
        null,
        1,
        null,
        1,
        null,
        null,
        null,
        null,
        1,
        null,
        null,
        null,
        null,
        null,
        null,
        null,
        null,
        null,
        null,
        null,
        null,
        null,
        null,
        1,
        null,
        null,
        1,
        null,
        null,
        null
      ],
      "/Users/Layth/Projects/acebook-nice-team/config/environment.rb": [
        null,
        1,
        null,
        null,
        1
      ],
      "/Users/Layth/Projects/acebook-nice-team/config/application.rb": [
        1,
        null,
        1,
        null,
        null,
        null,
        1,
        null,
        1,
        1,
        null,
        1,
        null,
        null,
        null,
        null,
        null,
        null
      ],
      "/Users/Layth/Projects/acebook-nice-team/config/boot.rb": [
        1,
        null,
        1
      ],
      "/Users/Layth/Projects/acebook-nice-team/config/environments/test.rb": [
        1,
        null,
        null,
        null,
        null,
        null,
        null,
        1,
        null,
        null,
        null,
        null,
        1,
        null,
        null,
        1,
        1,
        null,
        null,
        null,
        null,
        1,
        1,
        null,
        null,
        1,
        null,
        null,
        1,
        1,
        null,
        null,
        null,
        null,
        1,
        null,
        null,
        1,
        null,
        null,
        null,
        null
      ],
      "/Users/Layth/Projects/acebook-nice-team/config/initializers/application_controller_renderer.rb": [
        null,
        null,
        null,
        null,
        null,
        null
      ],
      "/Users/Layth/Projects/acebook-nice-team/config/initializers/assets.rb": [
        null,
        null,
        null,
        1,
        null,
        null,
        null,
        null,
        1,
        null,
        null,
        null,
        null,
        null
      ],
      "/Users/Layth/Projects/acebook-nice-team/config/initializers/backtrace_silencers.rb": [
        null,
        null,
        null,
        null,
        null,
        null,
        null
      ],
      "/Users/Layth/Projects/acebook-nice-team/config/initializers/cookies_serializer.rb": [
        null,
        null,
        null,
        null,
        1
      ],
      "/Users/Layth/Projects/acebook-nice-team/config/initializers/filter_parameter_logging.rb": [
        null,
        null,
        null,
        1
      ],
      "/Users/Layth/Projects/acebook-nice-team/config/initializers/inflections.rb": [
        null,
        null,
        null,
        null,
        null,
        null,
        null,
        null,
        null,
        null,
        null,
        null,
        null,
        null,
        null,
        null
      ],
      "/Users/Layth/Projects/acebook-nice-team/config/initializers/mime_types.rb": [
        null,
        null,
        null,
        null
      ],
      "/Users/Layth/Projects/acebook-nice-team/config/initializers/wrap_parameters.rb": [
        null,
        null,
        null,
        null,
        null,
        null,
        1,
        2,
        null,
        null,
        null,
        null,
        null,
        null
      ],
      "/Users/Layth/Projects/acebook-nice-team/config/routes.rb": [
        1,
        1,
        null,
        null,
        null,
        1,
        null
      ],
      "/Users/Layth/Projects/acebook-nice-team/app/helpers/application_helper.rb": [
        null,
        null,
        null,
        1,
        null
      ],
      "/Users/Layth/Projects/acebook-nice-team/app/helpers/users_helper.rb": [
        null,
        null,
        null,
        1,
        null
      ],
      "/Users/Layth/Projects/acebook-nice-team/app/controllers/posts_controller.rb": [
        null,
        null,
        null,
        1,
        1,
        2,
        null,
        null,
        1,
        3,
        3,
        null,
        null,
        1,
        3,
        null,
        null,
        1,
        null,
        1,
        3,
        null,
        null
      ],
      "/Users/Layth/Projects/acebook-nice-team/app/controllers/application_controller.rb": [
        null,
        null,
        null,
        1,
        1,
        null
      ],
      "/Users/Layth/Projects/acebook-nice-team/spec/controllers/users_controller_spec.rb": [
        1,
        null,
        1,
        null,
        1,
        1,
        1,
        1,
        null,
        null,
        null,
        null
      ],
      "/Users/Layth/Projects/acebook-nice-team/app/controllers/users_controller.rb": [
        null,
        null,
        null,
        1,
        1,
        null
      ],
      "/Users/Layth/Projects/acebook-nice-team/spec/features/user_can_submit_posts_spec.rb": [
        1,
        null,
        1,
        1,
        1,
        1,
        1,
        1,
        1,
        null,
        null
      ],
      "/Users/Layth/Projects/acebook-nice-team/spec/helpers/users_helper_spec.rb": [
        1,
        null,
        null,
        null,
        null,
        null,
        null,
        null,
        null,
        null,
        null,
        null,
        1,
        1,
        null
      ],
      "/Users/Layth/Projects/acebook-nice-team/spec/models/post_spec.rb": [
        1,
        null,
        1,
        2,
        null
      ],
      "/Users/Layth/Projects/acebook-nice-team/app/models/post.rb": [
        null,
        null,
        null,
        1,
        null
      ],
      "/Users/Layth/Projects/acebook-nice-team/app/models/application_record.rb": [
        null,
        null,
        null,
        1,
        1,
        null
      ],
      "/Users/Layth/Projects/acebook-nice-team/spec/models/user_email1_spec.rb": [
        1,
        null,
        1,
        1,
        3,
        null,
        null,
        null,
        null,
        null,
        null,
        null,
        1,
        1,
        1,
        null,
        null,
        1,
        1,
        1,
        null,
        null,
        1,
        1,
        1,
        null,
        null,
        null
      ],
      "/Users/Layth/Projects/acebook-nice-team/app/models/user.rb": [
        null,
        null,
        null,
        1,
        1,
        1,
        1,
        null,
        null,
        1,
        1,
        null
      ],
      "/Users/Layth/Projects/acebook-nice-team/spec/models/user_email2_spec.rb": [
        1,
        null,
        1,
        1,
        2,
        null,
        null,
        null,
        null,
        null,
        null,
        null,
        1,
        1,
        1,
        1,
        5,
        5,
        null,
        null,
        null,
        1,
        1,
        null,
        1,
        5,
        5,
        null,
        null,
        null,
        null
      ],
      "/Users/Layth/Projects/acebook-nice-team/spec/models/user_name_spec.rb": [
        1,
        null,
        1,
        1,
        5,
        null,
        null,
        null,
        1,
        1,
        1,
        1,
        null,
        null,
        1,
        1,
        1,
        null,
        null,
        null,
        1,
        1,
        1,
        1,
        null,
        null,
        1,
        1,
        1,
        null,
        null,
        1,
        1,
        1,
        null,
        null,
        null
      ],
      "/Users/Layth/Projects/acebook-nice-team/spec/views/users/new.html.erb_spec.rb": [
        1,
        null,
        1,
        1,
        null
      ]
    },
    "timestamp": 1533038058
  }
}
